INFO  | 2019-04-04 17:38:50 | [main] model.AppMain (AppMain.java:21) - Info
WARN  | 2019-04-04 17:38:50 | [main] model.AppMain (AppMain.java:22) - Warn
ERROR | 2019-04-04 17:38:50 | [main] model.AppMain (AppMain.java:23) - Error
FATAL | 2019-04-04 17:38:50 | [main] model.AppMain (AppMain.java:24) - Fatal
INFO  | 2019-04-04 17:38:50 | [main] model.AppMain (AppMain.java:26) - Appending string: Bonjour !.
ERROR | 2019-04-05 11:05:02 | [AWT-EventQueue-0] model.CheckUserInput (CheckUserInput.java:34) - 12345
ERROR | 2019-04-10 07:16:34 | [AWT-EventQueue-0] model.CheckUserInput (CheckUserInput.java:34) - 00000000000
INFO  | 2019-04-10 07:16:34 | [AWT-EventQueue-0] model.CheckUserInput (CheckUserInput.java:62) - 00000000000
INFO  | 2019-04-10 07:16:43 | [AWT-EventQueue-0] model.CheckUserInput (CheckUserInput.java:62) - 0123
ERROR | 2019-04-10 07:22:12 | [AWT-EventQueue-0] model.CheckUserInput (CheckUserInput.java:34) - 0000000000
INFO  | 2019-04-10 07:22:12 | [AWT-EventQueue-0] model.CheckUserInput (CheckUserInput.java:57) - 0000000000
INFO  | 2019-04-10 07:22:16 | [AWT-EventQueue-0] model.CheckUserInput (CheckUserInput.java:61) - 1234
ERROR | 2019-04-10 07:27:52 | [AWT-EventQueue-0] model.CheckUserInput (CheckUserInput.java:34) - 00000000Attention taille incorrecte !
INFO  | 2019-04-10 07:27:52 | [AWT-EventQueue-0] model.CheckUserInput (CheckUserInput.java:57) - 00000000Saisie invalide / FALSE !
INFO  | 2019-04-10 07:27:58 | [AWT-EventQueue-0] model.CheckUserInput (CheckUserInput.java:61) - 0123Saisie validée / TRUE !
ERROR | 2019-04-10 07:44:46 | [AWT-EventQueue-0] model.CheckUserInput (CheckUserInput.java:38) - Attention taille incorrecte !
INFO  | 2019-04-10 07:44:46 | [AWT-EventQueue-0] model.CheckUserInput (CheckUserInput.java:61) - Saisie invalide / FALSE !
INFO  | 2019-04-10 07:44:51 | [AWT-EventQueue-0] model.CheckUserInput (CheckUserInput.java:65) - Saisie validée / TRUE !
DEBUG | 2019-04-10 08:28:28 | [main] model.Propertie (Propertie.java:51) - Fichier parametres non trouvé
java.io.FileNotFoundException: ./resources/config.properties (Aucun fichier ou dossier de ce type)
	at java.io.FileInputStream.open0(Native Method) ~[?:?]
	at java.io.FileInputStream.open(FileInputStream.java:219) ~[?:?]
	at java.io.FileInputStream.<init>(FileInputStream.java:157) ~[?:?]
	at java.io.FileInputStream.<init>(FileInputStream.java:112) ~[?:?]
	at com.github.nicolasdotnet.model.Propertie.uploadProperties(Propertie.java:40) [classes/:?]
	at com.github.nicolasdotnet.view.WindowHome.<init>(WindowHome.java:43) [classes/:?]
	at com.github.nicolasdotnet.logicgames.Run.main(Run.java:32) [classes/:?]
DEBUG | 2019-04-10 08:39:15 | [main] model.Propertie (Propertie.java:51) - Fichier parametres non trouvé
java.io.FileNotFoundException: ./resources/config.properties (Aucun fichier ou dossier de ce type)
	at java.io.FileInputStream.open0(Native Method) ~[?:?]
	at java.io.FileInputStream.open(FileInputStream.java:219) ~[?:?]
	at java.io.FileInputStream.<init>(FileInputStream.java:157) ~[?:?]
	at java.io.FileInputStream.<init>(FileInputStream.java:112) ~[?:?]
	at com.github.nicolasdotnet.model.Propertie.uploadProperties(Propertie.java:40) [classes/:?]
	at com.github.nicolasdotnet.view.WindowHome.<init>(WindowHome.java:43) [classes/:?]
	at com.github.nicolasdotnet.logicgames.Run.main(Run.java:32) [classes/:?]
INFO  | 2019-04-10 08:41:56 | [main] model.Propertie (Propertie.java:62) - Fichier parametres importé
INFO  | 2019-04-10 08:55:17 | [main] model.Propertie (Propertie.java:62) - Fichier parametres importé
INFO  | 2019-04-10 08:56:45 | [AWT-EventQueue-0] model.Propertie (Propertie.java:62) - Fichier parametres importé
INFO  | 2019-04-10 08:57:03 | [AWT-EventQueue-0] model.CheckUserInput (CheckUserInput.java:65) - Saisie validée / TRUE !
INFO  | 2019-04-10 08:57:19 | [AWT-EventQueue-0] model.CheckUserInput (CheckUserInput.java:65) - Saisie validée / TRUE !
INFO  | 2019-04-10 10:34:14 | [main] model.Propertie (Propertie.java:63) - Fichier parametres importé
INFO  | 2019-04-10 10:40:23 | [main] model.Propertie (Propertie.java:63) - Fichier parametres importé
INFO  | 2019-04-10 11:08:14 | [main] model.Propertie (Propertie.java:63) - Fichier parametres importé
INFO  | 2019-04-10 11:24:35 | [main] model.Propertie (Propertie.java:63) - Fichier parametres importé
INFO  | 2019-04-10 11:26:08 | [main] model.Propertie (Propertie.java:63) - Fichier parametres importé
INFO  | 2019-04-10 11:26:49 | [AWT-EventQueue-0] model.CheckUserInput (CheckUserInput.java:65) - Saisie validée / TRUE !
INFO  | 2019-04-10 11:36:43 | [main] model.Propertie (Propertie.java:63) - Fichier parametres importé
INFO  | 2019-04-10 11:36:53 | [AWT-EventQueue-0] model.CheckUserInput (CheckUserInput.java:65) - Saisie validée / TRUE !
INFO  | 2019-04-10 11:40:10 | [main] model.Propertie (Propertie.java:63) - Fichier parametres importé
INFO  | 2019-04-10 11:42:31 | [AWT-EventQueue-0] model.CheckUserInput (CheckUserInput.java:65) - Saisie validée / TRUE !
INFO  | 2019-04-10 12:12:25 | [main] model.Propertie (Propertie.java:63) - Fichier parametres importé
INFO  | 2019-04-10 12:18:36 | [main] model.Propertie (Propertie.java:63) - Fichier parametres importé
INFO  | 2019-04-10 12:20:35 | [AWT-EventQueue-0] model.CheckUserInput (CheckUserInput.java:65) - Saisie validée / TRUE !
INFO  | 2019-04-10 12:27:31 | [main] model.Propertie (Propertie.java:63) - Fichier parametres importé
INFO  | 2019-04-10 12:27:47 | [AWT-EventQueue-0] model.CheckUserInput (CheckUserInput.java:65) - Saisie validée / TRUE !
INFO  | 2019-04-10 12:49:18 | [main] model.Propertie (Propertie.java:63) - Fichier parametres importé
INFO  | 2019-04-10 12:50:14 | [AWT-EventQueue-0] model.CheckUserInput (CheckUserInput.java:65) - Saisie validée / TRUE !
INFO  | 2019-04-10 13:11:11 | [main] model.Propertie (Propertie.java:63) - Fichier parametres importé
INFO  | 2019-04-10 13:11:28 | [AWT-EventQueue-0] model.CheckUserInput (CheckUserInput.java:65) - Saisie validée / TRUE !
INFO  | 2019-04-10 13:30:01 | [main] model.Propertie (Propertie.java:63) - Fichier parametres importé
INFO  | 2019-04-10 13:30:18 | [AWT-EventQueue-0] model.CheckUserInput (CheckUserInput.java:65) - Saisie validée / TRUE !
INFO  | 2019-04-10 13:33:50 | [main] model.Propertie (Propertie.java:63) - Fichier parametres importé
INFO  | 2019-04-10 13:39:49 | [main] model.Propertie (Propertie.java:63) - Fichier parametres importé
INFO  | 2019-04-10 13:39:59 | [AWT-EventQueue-0] model.CheckUserInput (CheckUserInput.java:65) - Saisie validée / TRUE !
INFO  | 2019-04-10 13:48:47 | [main] model.Propertie (Propertie.java:63) - Fichier parametres importé
INFO  | 2019-04-10 14:00:55 | [main] model.Propertie (Propertie.java:63) - Fichier parametres importé
INFO  | 2019-04-10 14:01:08 | [AWT-EventQueue-0] model.CheckUserInput (CheckUserInput.java:65) - Saisie validée / TRUE !
INFO  | 2019-04-10 14:12:36 | [main] model.Propertie (Propertie.java:63) - Fichier parametres importé
INFO  | 2019-04-10 14:12:52 | [AWT-EventQueue-0] model.CheckUserInput (CheckUserInput.java:65) - Saisie validée / TRUE !
INFO  | 2019-04-18 10:07:06 | [main] model.Propertie (Propertie.java:63) - Fichier parametres importé
INFO  | 2019-04-18 10:07:23 | [AWT-EventQueue-0] model.CheckUserInput (CheckUserInput.java:65) - Saisie validée / TRUE !
INFO  | 2019-04-18 10:16:32 | [main] model.Propertie (Propertie.java:63) - Fichier parametres importé
INFO  | 2019-04-18 10:16:54 | [AWT-EventQueue-0] model.CheckUserInput (CheckUserInput.java:65) - Saisie validée / TRUE !
INFO  | 2019-04-18 10:36:17 | [main] model.Propertie (Propertie.java:63) - Fichier parametres importé
INFO  | 2019-04-18 10:36:52 | [AWT-EventQueue-0] model.CheckUserInput (CheckUserInput.java:65) - Saisie validée / TRUE !
INFO  | 2019-04-18 10:40:06 | [main] model.Propertie (Propertie.java:63) - Fichier parametres importé
INFO  | 2019-04-18 10:42:02 | [AWT-EventQueue-0] model.CheckUserInput (CheckUserInput.java:65) - Saisie validée / TRUE !
INFO  | 2019-04-18 10:44:56 | [main] model.Propertie (Propertie.java:63) - Fichier parametres importé
INFO  | 2019-04-18 10:47:33 | [AWT-EventQueue-0] model.CheckUserInput (CheckUserInput.java:65) - Saisie validée / TRUE !
INFO  | 2019-04-18 10:47:49 | [AWT-EventQueue-0] model.CheckUserInput (CheckUserInput.java:65) - Saisie validée / TRUE !
INFO  | 2019-04-18 10:47:55 | [AWT-EventQueue-0] model.CheckUserInput (CheckUserInput.java:65) - Saisie validée / TRUE !
INFO  | 2019-04-19 09:06:15 | [main] model.Propertie (Propertie.java:63) - Fichier parametres importé
INFO  | 2019-04-19 09:13:52 | [main] model.Propertie (Propertie.java:63) - Fichier parametres importé
INFO  | 2019-04-19 09:16:35 | [main] model.Propertie (Propertie.java:63) - Fichier parametres importé
INFO  | 2019-04-19 09:16:57 | [AWT-EventQueue-0] model.CheckUserInput (CheckUserInput.java:65) - Saisie validée / TRUE !
INFO  | 2019-04-19 10:29:37 | [main] model.Propertie (Propertie.java:63) - Fichier parametres importé
INFO  | 2019-04-19 12:16:45 | [main] model.Propertie (Propertie.java:63) - Fichier parametres importé
INFO  | 2019-04-19 12:24:41 | [main] model.Propertie (Propertie.java:63) - Fichier parametres importé
INFO  | 2019-04-19 12:24:59 | [AWT-EventQueue-0] model.CheckUserInput (CheckUserInput.java:65) - Saisie validée / TRUE !
INFO  | 2019-04-19 13:36:42 | [main] model.Propertie (Propertie.java:63) - Fichier parametres importé
INFO  | 2019-04-19 13:36:57 | [AWT-EventQueue-0] model.CheckUserInput (CheckUserInput.java:65) - Saisie validée / TRUE !
INFO  | 2019-04-19 13:40:37 | [main] model.Propertie (Propertie.java:63) - Fichier parametres importé
INFO  | 2019-04-19 13:40:46 | [AWT-EventQueue-0] model.CheckUserInput (CheckUserInput.java:65) - Saisie validée / TRUE !
INFO  | 2019-04-19 13:41:04 | [AWT-EventQueue-0] model.CheckUserInput (CheckUserInput.java:65) - Saisie validée / TRUE !
INFO  | 2019-04-19 13:45:00 | [main] model.Propertie (Propertie.java:63) - Fichier parametres importé
INFO  | 2019-04-19 13:45:08 | [AWT-EventQueue-0] model.CheckUserInput (CheckUserInput.java:65) - Saisie validée / TRUE !
INFO  | 2019-04-19 13:48:01 | [main] model.Propertie (Propertie.java:63) - Fichier parametres importé
INFO  | 2019-04-19 13:48:27 | [AWT-EventQueue-0] model.CheckUserInput (CheckUserInput.java:65) - Saisie validée / TRUE !
INFO  | 2019-04-19 13:56:11 | [main] model.Propertie (Propertie.java:63) - Fichier parametres importé
INFO  | 2019-04-19 13:56:20 | [AWT-EventQueue-0] model.CheckUserInput (CheckUserInput.java:65) - Saisie validée / TRUE !
INFO  | 2019-04-19 14:08:38 | [main] model.Propertie (Propertie.java:63) - Fichier parametres importé
INFO  | 2019-04-19 14:08:52 | [AWT-EventQueue-0] model.CheckUserInput (CheckUserInput.java:65) - Saisie validée / TRUE !
INFO  | 2019-04-20 07:32:24 | [main] model.Propertie (Propertie.java:63) - Fichier parametres importé
INFO  | 2019-04-20 07:32:36 | [AWT-EventQueue-0] model.CheckUserInput (CheckUserInput.java:65) - Saisie validée / TRUE !
INFO  | 2019-04-20 07:43:47 | [main] model.Propertie (Propertie.java:63) - Fichier parametres importé
INFO  | 2019-04-20 07:43:56 | [AWT-EventQueue-0] model.CheckUserInput (CheckUserInput.java:65) - Saisie validée / TRUE !
INFO  | 2019-04-20 07:50:15 | [main] model.Propertie (Propertie.java:63) - Fichier parametres importé
INFO  | 2019-04-20 07:50:24 | [AWT-EventQueue-0] model.CheckUserInput (CheckUserInput.java:65) - Saisie validée / TRUE !
INFO  | 2019-04-20 08:00:09 | [main] model.Propertie (Propertie.java:63) - Fichier parametres importé
INFO  | 2019-04-20 08:00:25 | [AWT-EventQueue-0] model.CheckUserInput (CheckUserInput.java:65) - Saisie validée / TRUE !
INFO  | 2019-04-20 08:09:38 | [main] model.Propertie (Propertie.java:63) - Fichier parametres importé
INFO  | 2019-04-20 08:10:04 | [AWT-EventQueue-0] model.CheckUserInput (CheckUserInput.java:65) - Saisie validée / TRUE !
ERROR | 2019-04-20 08:10:21 | [AWT-EventQueue-0] model.CheckUserInput (CheckUserInput.java:38) - Attention taille incorrecte !
INFO  | 2019-04-20 08:10:21 | [AWT-EventQueue-0] model.CheckUserInput (CheckUserInput.java:61) - Saisie invalide / FALSE !
INFO  | 2019-04-20 08:18:25 | [main] model.Propertie (Propertie.java:63) - Fichier parametres importé
ERROR | 2019-04-20 08:18:58 | [AWT-EventQueue-0] model.CheckUserInput (CheckUserInput.java:38) - Attention taille incorrecte !
INFO  | 2019-04-20 08:18:58 | [AWT-EventQueue-0] model.CheckUserInput (CheckUserInput.java:61) - Saisie invalide / FALSE !
INFO  | 2019-04-20 08:20:17 | [main] model.Propertie (Propertie.java:63) - Fichier parametres importé
INFO  | 2019-04-20 08:20:25 | [AWT-EventQueue-0] model.CheckUserInput (CheckUserInput.java:65) - Saisie validée / TRUE !
INFO  | 2019-04-20 08:25:08 | [main] model.Propertie (Propertie.java:63) - Fichier parametres importé
INFO  | 2019-04-20 08:25:31 | [AWT-EventQueue-0] model.CheckUserInput (CheckUserInput.java:65) - Saisie validée / TRUE !
ERROR | 2019-04-20 08:26:36 | [AWT-EventQueue-0] model.CheckUserInput (CheckUserInput.java:38) - Attention taille incorrecte !
INFO  | 2019-04-20 08:26:36 | [AWT-EventQueue-0] model.CheckUserInput (CheckUserInput.java:61) - Saisie invalide / FALSE !
INFO  | 2019-04-20 08:37:27 | [main] model.Propertie (Propertie.java:63) - Fichier parametres importé
INFO  | 2019-04-20 08:37:35 | [AWT-EventQueue-0] model.CheckUserInput (CheckUserInput.java:65) - Saisie validée / TRUE !
ERROR | 2019-04-20 08:38:03 | [AWT-EventQueue-0] model.CheckUserInput (CheckUserInput.java:38) - Attention taille incorrecte !
INFO  | 2019-04-20 08:38:03 | [AWT-EventQueue-0] model.CheckUserInput (CheckUserInput.java:61) - Saisie invalide / FALSE !
INFO  | 2019-04-20 08:43:20 | [main] model.Propertie (Propertie.java:63) - Fichier parametres importé
INFO  | 2019-04-20 08:43:31 | [AWT-EventQueue-0] model.CheckUserInput (CheckUserInput.java:65) - Saisie validée / TRUE !
ERROR | 2019-04-20 08:44:55 | [AWT-EventQueue-0] model.CheckUserInput (CheckUserInput.java:38) - Attention taille incorrecte !
INFO  | 2019-04-20 08:44:55 | [AWT-EventQueue-0] model.CheckUserInput (CheckUserInput.java:61) - Saisie invalide / FALSE !
INFO  | 2019-04-20 08:55:12 | [main] model.Propertie (Propertie.java:63) - Fichier parametres importé
INFO  | 2019-04-20 08:55:21 | [AWT-EventQueue-0] model.CheckUserInput (CheckUserInput.java:65) - Saisie validée / TRUE !
INFO  | 2019-04-20 17:03:10 | [main] model.Propertie (Propertie.java:63) - Fichier parametres importé
INFO  | 2019-04-20 17:03:28 | [AWT-EventQueue-0] model.CheckUserInput (CheckUserInput.java:65) - Saisie validée / TRUE !
INFO  | 2019-04-20 17:04:00 | [AWT-EventQueue-0] model.CheckUserInput (CheckUserInput.java:65) - Saisie validée / TRUE !
INFO  | 2019-04-20 17:04:24 | [AWT-EventQueue-0] model.CheckUserInput (CheckUserInput.java:65) - Saisie validée / TRUE !
INFO  | 2019-04-20 17:10:21 | [main] model.Propertie (Propertie.java:63) - Fichier parametres importé
ERROR | 2019-04-20 17:10:29 | [AWT-EventQueue-0] model.CheckUserInput (CheckUserInput.java:38) - Attention taille incorrecte !
INFO  | 2019-04-20 17:10:29 | [AWT-EventQueue-0] model.CheckUserInput (CheckUserInput.java:61) - Saisie invalide / FALSE !
INFO  | 2019-04-20 17:25:02 | [main] model.Propertie (Propertie.java:63) - Fichier parametres importé
ERROR | 2019-04-20 17:25:11 | [AWT-EventQueue-0] model.CheckUserInput (CheckUserInput.java:38) - Attention taille incorrecte !
INFO  | 2019-04-20 17:25:11 | [AWT-EventQueue-0] model.CheckUserInput (CheckUserInput.java:61) - Saisie invalide / FALSE !
INFO  | 2019-04-20 17:25:21 | [AWT-EventQueue-0] model.CheckUserInput (CheckUserInput.java:65) - Saisie validée / TRUE !
INFO  | 2019-04-20 17:43:32 | [main] model.Propertie (Propertie.java:63) - Fichier parametres importé
ERROR | 2019-04-20 17:43:49 | [AWT-EventQueue-0] model.CheckUserInput (CheckUserInput.java:38) - Attention taille incorrecte !
INFO  | 2019-04-20 17:43:49 | [AWT-EventQueue-0] model.CheckUserInput (CheckUserInput.java:61) - Saisie invalide / FALSE !
INFO  | 2019-04-20 17:43:57 | [AWT-EventQueue-0] model.CheckUserInput (CheckUserInput.java:65) - Saisie validée / TRUE !
INFO  | 2019-04-20 17:49:31 | [main] model.Propertie (Propertie.java:63) - Fichier parametres importé
ERROR | 2019-04-20 17:49:41 | [AWT-EventQueue-0] model.CheckUserInput (CheckUserInput.java:38) - Attention taille incorrecte !
INFO  | 2019-04-20 17:49:41 | [AWT-EventQueue-0] model.CheckUserInput (CheckUserInput.java:61) - Saisie invalide / FALSE !
INFO  | 2019-04-20 17:49:44 | [AWT-EventQueue-0] model.CheckUserInput (CheckUserInput.java:65) - Saisie validée / TRUE !
